<?xml version="1.0" encoding="UTF-8"?>
<testng-results ignored="0" total="1" passed="1" failed="0" skipped="0">
  <reporter-output>
  </reporter-output>
  <suite started-at="2024-02-03T00:44:57 IST" name="Suite" finished-at="2024-02-03T00:45:08 IST" duration-ms="10552">
    <groups>
    </groups>
    <test started-at="2024-02-03T00:44:57 IST" name="Test" finished-at="2024-02-03T00:45:08 IST" duration-ms="10552">
      <class name="TestCases.QALegendTestCases">
        <test-method is-config="true" signature="initialization(java.lang.String)[pri:0, instance:TestCases.QALegendTestCases@72967906]" started-at="2024-02-03T00:44:57 IST" name="initialization" finished-at="2024-02-03T00:45:04 IST" duration-ms="6289" status="PASS">
          <params>
            <param index="0">
              <value>
                <![CDATA[Chrome]]>
              </value>
            </param>
          </params>
          <reporter-output>
          </reporter-output>
        </test-method> <!-- initialization -->
        <test-method signature="loginCRM()[pri:0, instance:TestCases.QALegendTestCases@72967906]" started-at="2024-02-03T00:45:04 IST" name="loginCRM" finished-at="2024-02-03T00:45:08 IST" duration-ms="4172" status="PASS">
          <reporter-output>
          </reporter-output>
        </test-method> <!-- loginCRM -->
      </class> <!-- TestCases.QALegendTestCases -->
    </test> <!-- Test -->
  </suite> <!-- Suite -->
</testng-results>
